0 silly argv {
0 silly argv   _: [ 'create' ],
0 silly argv   lernaVersion: '8.1.2',
0 silly argv   '$0': '..\\..\\..\\..\\AppData\\Roaming\\npm\\node_modules\\lerna\\dist\\cli.js',
0 silly argv   name: 'backend'
0 silly argv }
1 notice cli v8.1.2
2 verbose packageConfigs Resolving packages based on package.json "workspaces" configuration.
3 verbose rootPath C:\Users\alan9\Desktop\repos\eth-taipei-2024-prepare
4 error Error: canceled
4 error     at Interface.<anonymous> (C:\Users\alan9\Desktop\repos\eth-taipei-2024-prepare\node_modules\read\lib\read.js:79:15)
4 error     at Interface.emit (node:events:517:28)
4 error     at [_ttyWrite] [as _ttyWrite] (node:internal/readline/interface:1132:18)
4 error     at ReadStream.onkeypress (node:internal/readline/interface:271:20)
4 error     at ReadStream.emit (node:events:517:28)
4 error     at emitKeys (node:internal/readline/utils:371:14)
4 error     at emitKeys.next (<anonymous>)
4 error     at ReadStream.onData (node:internal/readline/emitKeypressEvents:64:36)
4 error     at ReadStream.emit (node:events:517:28)
4 error     at addChunk (node:internal/streams/readable:368:12)
4 error     at readableAddChunk (node:internal/streams/readable:341:9)
4 error     at Readable.push (node:internal/streams/readable:278:10)
